{"ts":"2025-11-14T04:53:23.169Z","stage":"signature","outcome":"ACCEPT"}
{"ts":"2025-11-14T04:53:23.174Z","stage":"shape","outcome":"ACCEPT"}
{"ts":"2025-11-14T04:53:23.174Z","stage":"liveness","outcome":"ACCEPT"}
{"ts":"2025-11-14T04:53:23.174Z","stage":"revocation","outcome":"ACCEPT"}
{"ts":"2025-11-14T04:53:23.174Z","stage":"policy","outcome":"ACCEPT"}
{"ts":"2025-11-14T04:53:23.277Z","stage":"signature","outcome":"ACCEPT"}
{"ts":"2025-11-14T04:53:23.281Z","stage":"shape","outcome":"ACCEPT"}
{"ts":"2025-11-14T04:53:23.281Z","stage":"liveness","outcome":"ACCEPT"}
{"ts":"2025-11-14T04:53:23.281Z","stage":"revocation","outcome":"REJECT","reason":"revoked","details":{"serial":"att-SN-000389"}}
{"ts":"2025-11-14T04:53:23.390Z","stage":"signature","outcome":"ACCEPT"}
{"ts":"2025-11-14T04:53:23.394Z","stage":"shape","outcome":"ACCEPT"}
{"ts":"2025-11-14T04:53:23.394Z","stage":"liveness","outcome":"REJECT","reason":"not_yet_valid","details":{"now":"2025-11-14T04:53:23.394Z","not_before":"2025-12-01T00:00:00Z"}}
{"ts":"2025-11-14T04:53:23.494Z","stage":"signature","outcome":"ACCEPT"}
{"ts":"2025-11-14T04:53:23.498Z","stage":"shape","outcome":"ACCEPT"}
{"ts":"2025-11-14T04:53:23.498Z","stage":"liveness","outcome":"REJECT","reason":"expired","details":{"now":"2025-11-14T04:53:23.498Z","not_after":"2025-01-01T00:00:00Z"}}
{"ts":"2025-11-14T04:53:23.603Z","stage":"signature","outcome":"ACCEPT"}
{"ts":"2025-11-14T04:53:23.607Z","stage":"shape","outcome":"REJECT","reason":"missing_required_field"}
{"ts":"2025-11-14T04:53:23.709Z","stage":"signature","outcome":"ACCEPT"}
{"ts":"2025-11-14T04:53:23.713Z","stage":"shape","outcome":"ACCEPT"}
{"ts":"2025-11-14T04:53:23.713Z","stage":"liveness","outcome":"ACCEPT"}
{"ts":"2025-11-14T04:53:23.713Z","stage":"revocation","outcome":"ACCEPT"}
{"ts":"2025-11-14T04:53:23.713Z","stage":"policy","outcome":"ACCEPT"}
{"ts":"2025-11-14T04:53:23.844Z","stage":"signature","outcome":"ACCEPT"}
{"ts":"2025-11-14T04:53:23.849Z","stage":"shape","outcome":"ACCEPT"}
{"ts":"2025-11-14T04:53:23.849Z","stage":"liveness","outcome":"REJECT","reason":"not_yet_valid","details":{"now":"2025-11-14T04:53:23.849Z","not_before":"2025-12-10T00:00:00Z"}}
{"ts":"2025-11-14T04:54:24.191Z","stage":"signature","outcome":"ACCEPT"}
{"ts":"2025-11-14T04:54:24.195Z","stage":"shape","outcome":"ACCEPT"}
{"ts":"2025-11-14T04:54:24.195Z","stage":"liveness","outcome":"ACCEPT"}
{"ts":"2025-11-14T04:54:24.196Z","stage":"revocation","outcome":"ACCEPT"}
{"ts":"2025-11-14T04:54:24.196Z","stage":"policy","outcome":"ACCEPT"}
{"ts":"2025-11-14T04:54:24.296Z","stage":"signature","outcome":"ACCEPT"}
{"ts":"2025-11-14T04:54:24.300Z","stage":"shape","outcome":"ACCEPT"}
{"ts":"2025-11-14T04:54:24.300Z","stage":"liveness","outcome":"ACCEPT"}
{"ts":"2025-11-14T04:54:24.300Z","stage":"revocation","outcome":"REJECT","reason":"revoked","details":{"serial":"att-SN-000389"}}
{"ts":"2025-11-14T04:54:24.402Z","stage":"signature","outcome":"ACCEPT"}
{"ts":"2025-11-14T04:54:24.406Z","stage":"shape","outcome":"ACCEPT"}
{"ts":"2025-11-14T04:54:24.406Z","stage":"liveness","outcome":"REJECT","reason":"not_yet_valid","details":{"now":"2025-11-14T04:54:24.406Z","not_before":"2025-12-01T00:00:00Z"}}
{"ts":"2025-11-14T04:54:24.505Z","stage":"signature","outcome":"ACCEPT"}
{"ts":"2025-11-14T04:54:24.509Z","stage":"shape","outcome":"ACCEPT"}
{"ts":"2025-11-14T04:54:24.510Z","stage":"liveness","outcome":"REJECT","reason":"expired","details":{"now":"2025-11-14T04:54:24.510Z","not_after":"2025-01-01T00:00:00Z"}}
{"ts":"2025-11-14T04:54:24.612Z","stage":"signature","outcome":"ACCEPT"}
{"ts":"2025-11-14T04:54:24.616Z","stage":"shape","outcome":"REJECT","reason":"missing_required_field"}
{"ts":"2025-11-14T04:54:24.719Z","stage":"signature","outcome":"ACCEPT"}
{"ts":"2025-11-14T04:54:24.722Z","stage":"shape","outcome":"ACCEPT"}
{"ts":"2025-11-14T04:54:24.723Z","stage":"liveness","outcome":"ACCEPT"}
{"ts":"2025-11-14T04:54:24.723Z","stage":"revocation","outcome":"ACCEPT"}
{"ts":"2025-11-14T04:54:24.723Z","stage":"policy","outcome":"ACCEPT"}
{"ts":"2025-11-14T04:54:24.822Z","stage":"signature","outcome":"ACCEPT"}
{"ts":"2025-11-14T04:54:24.826Z","stage":"shape","outcome":"ACCEPT"}
{"ts":"2025-11-14T04:54:24.826Z","stage":"liveness","outcome":"REJECT","reason":"not_yet_valid","details":{"now":"2025-11-14T04:54:24.826Z","not_before":"2025-12-10T00:00:00Z"}}
{"ts":"2025-11-14T05:00:23.734Z","stage":"signature","outcome":"ACCEPT"}
{"ts":"2025-11-14T05:00:23.735Z","stage":"shape","outcome":"ACCEPT"}
{"ts":"2025-11-14T05:00:23.736Z","stage":"shape","outcome":"ACCEPT"}
{"ts":"2025-11-14T05:00:23.736Z","stage":"liveness","outcome":"ACCEPT"}
{"ts":"2025-11-14T05:00:23.736Z","stage":"revocation","outcome":"ACCEPT"}
{"ts":"2025-11-14T05:00:23.736Z","stage":"policy","outcome":"ACCEPT"}
{"ts":"2025-11-14T05:00:24.219Z","stage":"signature","outcome":"ACCEPT"}
{"ts":"2025-11-14T05:00:24.220Z","stage":"shape","outcome":"ACCEPT"}
{"ts":"2025-11-14T05:00:24.220Z","stage":"shape","outcome":"ACCEPT"}
{"ts":"2025-11-14T05:00:24.221Z","stage":"liveness","outcome":"ACCEPT"}
{"ts":"2025-11-14T05:00:24.221Z","stage":"revocation","outcome":"REJECT","reason":"revoked","details":{"serial":"att-SN-000389"}}
{"ts":"2025-11-14T05:00:24.911Z","stage":"signature","outcome":"ACCEPT"}
{"ts":"2025-11-14T05:00:24.912Z","stage":"shape","outcome":"ACCEPT"}
{"ts":"2025-11-14T05:00:24.913Z","stage":"shape","outcome":"ACCEPT"}
{"ts":"2025-11-14T05:00:24.913Z","stage":"liveness","outcome":"REJECT","reason":"not_yet_valid","details":{"now":"2025-11-14T05:00:24.913Z","not_before":"2025-12-01T00:00:00Z"}}
{"ts":"2025-11-14T05:00:25.353Z","stage":"signature","outcome":"ACCEPT"}
{"ts":"2025-11-14T05:00:25.354Z","stage":"shape","outcome":"ACCEPT"}
{"ts":"2025-11-14T05:00:25.355Z","stage":"shape","outcome":"ACCEPT"}
{"ts":"2025-11-14T05:00:25.355Z","stage":"liveness","outcome":"REJECT","reason":"expired","details":{"now":"2025-11-14T05:00:25.355Z","not_after":"2025-01-01T00:00:00Z"}}
{"ts":"2025-11-14T05:00:25.781Z","stage":"signature","outcome":"ACCEPT"}
{"ts":"2025-11-14T05:00:25.782Z","stage":"shape","outcome":"REJECT","reason":"missing_required_field"}
{"ts":"2025-11-14T05:00:26.199Z","stage":"signature","outcome":"ACCEPT"}
{"ts":"2025-11-14T05:00:26.200Z","stage":"shape","outcome":"ACCEPT"}
{"ts":"2025-11-14T05:00:26.200Z","stage":"shape","outcome":"ACCEPT"}
{"ts":"2025-11-14T05:00:26.200Z","stage":"liveness","outcome":"ACCEPT"}
{"ts":"2025-11-14T05:00:26.200Z","stage":"revocation","outcome":"ACCEPT"}
{"ts":"2025-11-14T05:00:26.200Z","stage":"policy","outcome":"ACCEPT"}
{"ts":"2025-11-14T05:00:26.637Z","stage":"signature","outcome":"ACCEPT"}
{"ts":"2025-11-14T05:00:26.638Z","stage":"shape","outcome":"ACCEPT"}
{"ts":"2025-11-14T05:00:26.638Z","stage":"shape","outcome":"ACCEPT"}
{"ts":"2025-11-14T05:00:26.638Z","stage":"liveness","outcome":"REJECT","reason":"not_yet_valid","details":{"now":"2025-11-14T05:00:26.638Z","not_before":"2025-12-10T00:00:00Z"}}
