{"ts":"2026-01-09T16:45:04.888Z","stage":"signature","outcome":"ACCEPT"}
{"ts":"2026-01-09T16:45:04.898Z","stage":"shape","outcome":"REJECT","reason":"schema_uri_mismatch","details":{"schemaUri":"schema/employment.role/v1"}}
{"ts":"2026-01-09T16:45:04.948Z","stage":"signature","outcome":"ACCEPT"}
{"ts":"2026-01-09T16:45:04.948Z","stage":"shape","outcome":"REJECT","reason":"schema_uri_mismatch","details":{"schemaUri":"schema/employment.role/v1"}}
{"ts":"2026-01-09T16:45:04.990Z","stage":"signature","outcome":"ACCEPT"}
{"ts":"2026-01-09T16:45:04.990Z","stage":"shape","outcome":"REJECT","reason":"schema_uri_mismatch","details":{"schemaUri":"schema/employment.role/v1"}}
{"ts":"2026-01-09T17:06:58.235Z","stage":"signature","outcome":"ACCEPT"}
{"ts":"2026-01-09T17:06:58.245Z","stage":"shape","outcome":"REJECT","reason":"schema_uri_mismatch","details":{"schemaUri":"schema/employment.role/v1"}}
{"ts":"2026-01-09T17:06:58.294Z","stage":"signature","outcome":"ACCEPT"}
{"ts":"2026-01-09T17:06:58.295Z","stage":"shape","outcome":"REJECT","reason":"schema_uri_mismatch","details":{"schemaUri":"schema/employment.role/v1"}}
{"ts":"2026-01-09T17:06:58.332Z","stage":"signature","outcome":"ACCEPT"}
{"ts":"2026-01-09T17:06:58.332Z","stage":"shape","outcome":"REJECT","reason":"schema_uri_mismatch","details":{"schemaUri":"schema/employment.role/v1"}}
{"ts":"2026-01-09T17:10:17.187Z","stage":"signature","outcome":"ACCEPT"}
{"ts":"2026-01-09T17:10:17.197Z","stage":"shape","outcome":"REJECT","reason":"schema_uri_mismatch","details":{"schemaUri":"schema/employment.role/v1"}}
{"ts":"2026-01-09T17:10:17.247Z","stage":"signature","outcome":"ACCEPT"}
{"ts":"2026-01-09T17:10:17.247Z","stage":"shape","outcome":"REJECT","reason":"schema_uri_mismatch","details":{"schemaUri":"schema/employment.role/v1"}}
{"ts":"2026-01-09T17:10:17.300Z","stage":"signature","outcome":"ACCEPT"}
{"ts":"2026-01-09T17:10:17.301Z","stage":"shape","outcome":"REJECT","reason":"schema_uri_mismatch","details":{"schemaUri":"schema/employment.role/v1"}}
{"ts":"2026-01-09T17:19:13.203Z","stage":"signature","outcome":"ACCEPT"}
{"ts":"2026-01-09T17:19:13.215Z","stage":"shape","outcome":"REJECT","reason":"schema_uri_mismatch","details":{"schemaUri":"schema/employment.role/v1"}}
{"ts":"2026-01-09T17:19:13.259Z","stage":"signature","outcome":"ACCEPT"}
{"ts":"2026-01-09T17:19:13.260Z","stage":"shape","outcome":"REJECT","reason":"schema_uri_mismatch","details":{"schemaUri":"schema/employment.role/v1"}}
{"ts":"2026-01-09T17:19:13.318Z","stage":"signature","outcome":"ACCEPT"}
{"ts":"2026-01-09T17:19:13.318Z","stage":"shape","outcome":"REJECT","reason":"schema_uri_mismatch","details":{"schemaUri":"schema/employment.role/v1"}}
{"ts":"2026-01-09T17:34:13.240Z","stage":"signature","outcome":"ACCEPT"}
{"ts":"2026-01-09T17:34:13.242Z","stage":"shape","outcome":"REJECT","reason":"schema_uri_mismatch","details":{"schemaUri":"schema/employment.role/v1"}}
{"ts":"2026-01-09T17:34:13.278Z","stage":"signature","outcome":"ACCEPT"}
{"ts":"2026-01-09T17:34:13.278Z","stage":"shape","outcome":"REJECT","reason":"schema_uri_mismatch","details":{"schemaUri":"schema/employment.role/v1"}}
{"ts":"2026-01-09T17:34:13.320Z","stage":"signature","outcome":"ACCEPT"}
{"ts":"2026-01-09T17:34:13.320Z","stage":"shape","outcome":"REJECT","reason":"schema_uri_mismatch","details":{"schemaUri":"schema/employment.role/v1"}}
{"ts":"2026-01-09T18:07:11.192Z","stage":"signature","outcome":"ACCEPT"}
{"ts":"2026-01-09T18:07:11.202Z","stage":"shape","outcome":"ACCEPT"}
{"ts":"2026-01-09T18:07:11.202Z","stage":"shape","outcome":"ACCEPT"}
{"ts":"2026-01-09T18:07:11.203Z","stage":"liveness","outcome":"ACCEPT"}
{"ts":"2026-01-09T18:07:11.203Z","stage":"revocation","outcome":"ACCEPT"}
{"ts":"2026-01-09T18:07:11.203Z","stage":"policy","outcome":"ACCEPT"}
{"ts":"2026-01-09T18:07:11.256Z","stage":"signature","outcome":"ACCEPT"}
{"ts":"2026-01-09T18:07:11.257Z","stage":"shape","outcome":"ACCEPT"}
{"ts":"2026-01-09T18:07:11.258Z","stage":"shape","outcome":"ACCEPT"}
{"ts":"2026-01-09T18:07:11.259Z","stage":"liveness","outcome":"ACCEPT"}
{"ts":"2026-01-09T18:07:11.259Z","stage":"revocation","outcome":"ACCEPT"}
{"ts":"2026-01-09T18:07:11.259Z","stage":"policy","outcome":"ACCEPT"}
{"ts":"2026-01-09T18:07:11.305Z","stage":"signature","outcome":"ACCEPT"}
{"ts":"2026-01-09T18:07:11.305Z","stage":"shape","outcome":"ACCEPT"}
{"ts":"2026-01-09T18:07:11.305Z","stage":"shape","outcome":"ACCEPT"}
{"ts":"2026-01-09T18:07:11.305Z","stage":"liveness","outcome":"ACCEPT"}
{"ts":"2026-01-09T18:07:11.305Z","stage":"revocation","outcome":"REJECT","reason":"revoked","details":{"serial":"att-SN-000389"}}
{"ts":"2026-01-09T18:21:39.910Z","stage":"signature","outcome":"ACCEPT"}
{"ts":"2026-01-09T18:21:39.912Z","stage":"shape","outcome":"ACCEPT"}
{"ts":"2026-01-09T18:21:39.912Z","stage":"shape","outcome":"ACCEPT"}
{"ts":"2026-01-09T18:21:39.913Z","stage":"liveness","outcome":"ACCEPT"}
{"ts":"2026-01-09T18:21:39.913Z","stage":"revocation","outcome":"ACCEPT"}
{"ts":"2026-01-09T18:21:39.913Z","stage":"policy","outcome":"ACCEPT"}
{"ts":"2026-01-09T18:21:40.012Z","stage":"signature","outcome":"REJECT","reason":"bad_signature","details":{"err":"signature verification failed"}}
{"ts":"2026-01-09T18:21:41.014Z","stage":"signature","outcome":"ACCEPT"}
{"ts":"2026-01-09T18:21:41.015Z","stage":"shape","outcome":"ACCEPT"}
{"ts":"2026-01-09T18:21:41.015Z","stage":"shape","outcome":"ACCEPT"}
{"ts":"2026-01-09T18:21:41.015Z","stage":"liveness","outcome":"ACCEPT"}
{"ts":"2026-01-09T18:21:41.015Z","stage":"revocation","outcome":"REJECT","reason":"revoked","details":{"serial":"att-SN-000389"}}
{"ts":"2026-01-09T18:41:07.286Z","stage":"signature","outcome":"ACCEPT"}
{"ts":"2026-01-09T18:41:07.288Z","stage":"shape","outcome":"ACCEPT"}
{"ts":"2026-01-09T18:41:07.288Z","stage":"shape","outcome":"ACCEPT"}
{"ts":"2026-01-09T18:41:07.288Z","stage":"liveness","outcome":"ACCEPT"}
{"ts":"2026-01-09T18:41:07.289Z","stage":"revocation","outcome":"ACCEPT"}
{"ts":"2026-01-09T18:41:07.289Z","stage":"policy","outcome":"ACCEPT"}
{"ts":"2026-01-09T18:41:07.378Z","stage":"signature","outcome":"REJECT","reason":"bad_signature","details":{"err":"signature verification failed"}}
{"ts":"2026-01-09T18:41:07.425Z","stage":"signature","outcome":"ACCEPT"}
{"ts":"2026-01-09T18:41:07.425Z","stage":"shape","outcome":"ACCEPT"}
{"ts":"2026-01-09T18:41:07.427Z","stage":"shape","outcome":"ACCEPT"}
{"ts":"2026-01-09T18:41:07.427Z","stage":"liveness","outcome":"ACCEPT"}
{"ts":"2026-01-09T18:41:07.427Z","stage":"revocation","outcome":"REJECT","reason":"revoked","details":{"serial":"att-SN-000389"}}
{"ts":"2026-01-09T18:44:57.180Z","stage":"signature","outcome":"ACCEPT"}
{"ts":"2026-01-09T18:44:57.182Z","stage":"shape","outcome":"ACCEPT"}
{"ts":"2026-01-09T18:44:57.182Z","stage":"shape","outcome":"ACCEPT"}
{"ts":"2026-01-09T18:44:57.182Z","stage":"liveness","outcome":"ACCEPT"}
{"ts":"2026-01-09T18:44:57.183Z","stage":"revocation","outcome":"ACCEPT"}
{"ts":"2026-01-09T18:44:57.183Z","stage":"policy","outcome":"ACCEPT"}
{"ts":"2026-01-09T18:44:57.316Z","stage":"signature","outcome":"REJECT","reason":"bad_signature","details":{"err":"signature verification failed"}}
{"ts":"2026-01-09T18:44:57.368Z","stage":"signature","outcome":"ACCEPT"}
{"ts":"2026-01-09T18:44:57.368Z","stage":"shape","outcome":"ACCEPT"}
{"ts":"2026-01-09T18:44:57.370Z","stage":"shape","outcome":"ACCEPT"}
{"ts":"2026-01-09T18:44:57.370Z","stage":"liveness","outcome":"ACCEPT"}
{"ts":"2026-01-09T18:44:57.370Z","stage":"revocation","outcome":"REJECT","reason":"revoked","details":{"serial":"att-SN-000389"}}
